<?xml version="1.0" encoding="UTF-8"?>
<!-- Generated by org.testng.reporters.JUnitReportReporter -->
<testsuite skipped="0" hostname="DESKTOP-FQC3CA9" name="Sumvalidation" tests="1" failures="0" timestamp="10 Nov 2020 21:04:21 GMT" time="1.191" errors="0">
  <testcase name="sumCouPric" time="1.191" classname="Sumvalidation"/>
</testsuite> <!-- Sumvalidation -->
